<?xml version="1.0" encoding="UTF-8"?>
<testng-results skipped="0" failed="0" ignored="0" total="1" passed="1">
  <reporter-output>
  </reporter-output>
  <suite name="Default suite" duration-ms="45871" started-at="2019-01-06T13:45:30Z" finished-at="2019-01-06T13:46:16Z">
    <groups>
    </groups>
    <test name="Default test" duration-ms="45871" started-at="2019-01-06T13:45:30Z" finished-at="2019-01-06T13:46:16Z">
      <class name="com.crm.qa.testcases.ContactsPageTest">
        <test-method status="PASS" signature="setUp()[pri:0, instance:com.crm.qa.testcases.ContactsPageTest@29774679]" name="setUp" is-config="true" duration-ms="42725" started-at="2019-01-06T19:15:30Z" finished-at="2019-01-06T19:16:12Z">
          <reporter-output>
          </reporter-output>
        </test-method> <!-- setUp -->
        <test-method status="PASS" signature="verifyContactsPageLabel()[pri:1, instance:com.crm.qa.testcases.ContactsPageTest@29774679]" name="verifyContactsPageLabel" duration-ms="3104" started-at="2019-01-06T19:16:12Z" finished-at="2019-01-06T19:16:16Z">
          <reporter-output>
          </reporter-output>
        </test-method> <!-- verifyContactsPageLabel -->
        <test-method status="PASS" signature="tearDown()[pri:0, instance:com.crm.qa.testcases.ContactsPageTest@29774679]" name="tearDown" is-config="true" duration-ms="1" started-at="2019-01-06T19:16:16Z" finished-at="2019-01-06T19:16:16Z">
          <reporter-output>
          </reporter-output>
        </test-method> <!-- tearDown -->
      </class> <!-- com.crm.qa.testcases.ContactsPageTest -->
    </test> <!-- Default test -->
  </suite> <!-- Default suite -->
</testng-results>
